<?xml version="1.0" encoding="UTF-8"?>
<!-- Generated by org.testng.reporters.JUnitReportReporter -->
<testsuite hostname="DESKTOP-QMM3709" failures="0" tests="1" name="test.LoginTest" time="10.977" errors="0" timestamp="2025-03-19T11:32:14 IST" skipped="0">
  <testcase classname="test.LoginTest" name="loginOne" time="10.977"/>
</testsuite> <!-- test.LoginTest -->
