<?xml version="1.0" encoding="UTF-8"?>
<!-- Generated by org.testng.reporters.JUnitReportReporter -->
<testsuite hostname="DESKTOP-QMM3709" failures="0" tests="1" name="test.ProceedToCheckoutTest" time="61.863" errors="0" timestamp="2024-09-13T12:11:07 IST" skipped="0">
  <testcase classname="test.ProceedToCheckoutTest" name="CheckOutTest" time="61.863"/>
  <system-out/>
</testsuite> <!-- test.ProceedToCheckoutTest -->
