<?xml version="1.0" encoding="UTF-8"?>
<!-- Generated by org.testng.reporters.JUnitReportReporter -->
<testsuite hostname="DESKTOP-QMM3709" failures="0" tests="1" name="test.ProductResultPageTest" time="21.961" errors="0" timestamp="2024-09-13T13:20:06 IST" skipped="0">
  <testcase classname="test.ProductResultPageTest" name="VerifyProductOnChildBrowser" time="21.961"/>
  <system-out/>
</testsuite> <!-- test.ProductResultPageTest -->
