<?xml version="1.0" encoding="UTF-8"?>
<!-- Generated by org.testng.reporters.JUnitReportReporter -->
<testsuite hostname="DESKTOP-QMM3709" failures="0" tests="6" name="selenium.TestClassTestNgSwagLab" time="17.625" errors="0" timestamp="2025-03-11T18:31:39 IST" skipped="0">
  <testcase classname="selenium.TestClassTestNgSwagLab" name="loginOne" time="2.658"/>
  <testcase classname="selenium.TestClassTestNgSwagLab" name="loginTwo" time="2.693"/>
  <testcase classname="selenium.TestClassTestNgSwagLab" name="loginFour" time="2.529"/>
  <testcase classname="selenium.TestClassTestNgSwagLab" name="loginSix" time="4.309"/>
  <testcase classname="selenium.TestClassTestNgSwagLab" name="loginThree" time="2.818"/>
  <testcase classname="selenium.TestClassTestNgSwagLab" name="loginFive" time="2.618"/>
</testsuite> <!-- selenium.TestClassTestNgSwagLab -->
