<?xml version="1.0" encoding="UTF-8"?>
<!-- Generated by org.testng.reporters.JUnitReportReporter -->
<testsuite hostname="DESKTOP-QMM3709" failures="0" tests="1" name="selenium.Facebook" time="8.428" errors="0" timestamp="2025-03-13T10:45:34 IST" skipped="0">
  <testcase classname="selenium.Facebook" name="fb" time="8.428"/>
</testsuite> <!-- selenium.Facebook -->
