<?xml version="1.0" encoding="UTF-8"?>
<!-- Generated by org.testng.reporters.JUnitReportReporter -->
<testsuite hostname="DESKTOP-QMM3709" failures="0" tests="6" name="test.LoginTest" time="26.024" errors="0" timestamp="2025-03-12T15:19:22 IST" skipped="0">
  <testcase classname="test.LoginTest" name="loginOne" time="3.545"/>
  <testcase classname="test.LoginTest" name="loginSix" time="4.152"/>
  <testcase classname="test.LoginTest" name="loginTwo" time="3.154"/>
  <testcase classname="test.LoginTest" name="loginFour" time="8.872"/>
  <testcase classname="test.LoginTest" name="loginThree" time="3.190"/>
  <testcase classname="test.LoginTest" name="loginFive" time="3.111"/>
</testsuite> <!-- test.LoginTest -->
